<?xml version="1.0" encoding="UTF-8"?>
<!-- Generated by org.testng.reporters.JUnitReportReporter -->
<testsuite hostname="DESKTOP-P4UAKD7" name="com.sm.name.ebayAppium.Basic" tests="1" failures="0" timestamp="20 May 2018 18:28:12 GMT" time="22.732" errors="0">
  <testcase name="testCal" time="22.732" classname="com.sm.name.ebayAppium.Basic"/>
</testsuite> <!-- com.sm.name.ebayAppium.Basic -->
