<?xml version="1.0" encoding="UTF-8"?>
<!-- Generated by org.testng.reporters.JUnitReportReporter -->
<testsuite hostname="DESKTOP-P4UAKD7" name="com.sm.name.ebayAppium.Basic" tests="1" failures="0" timestamp="20 May 2018 19:19:13 GMT" time="16.038" errors="0">
  <testcase name="testCal" time="16.038" classname="com.sm.name.ebayAppium.Basic"/>
</testsuite> <!-- com.sm.name.ebayAppium.Basic -->
