<?xml version="1.0" encoding="UTF-8"?>
<!-- Generated by org.testng.reporters.JUnitReportReporter -->
<testsuite hostname="DESKTOP-P4UAKD7" name="com.tests.Registration" tests="1" failures="0" timestamp="22 May 2018 20:43:17 GMT" time="96.338" errors="0">
  <testcase name="register" time="96.338" classname="com.tests.Registration"/>
</testsuite> <!-- com.tests.Registration -->
