<?xml version="1.0" encoding="UTF-8"?>
<!-- Generated by org.testng.reporters.JUnitReportReporter -->
<testsuite hostname="DESKTOP-P4UAKD7" name="com.sm.name.ebayAppium.BasicCalc" tests="1" failures="0" timestamp="20 May 2018 19:39:46 GMT" time="18.034" errors="0">
  <testcase name="testCal" time="18.034" classname="com.sm.name.ebayAppium.BasicCalc"/>
</testsuite> <!-- com.sm.name.ebayAppium.BasicCalc -->
