<?xml version="1.0" encoding="UTF-8"?>
<!-- Generated by org.testng.reporters.JUnitReportReporter -->
<testsuite hostname="DESKTOP-P4UAKD7" name="com.tests.ProductPurchase" tests="1" failures="0" timestamp="22 May 2018 20:43:17 GMT" time="96.180" errors="0">
  <testcase name="goToSignInPage" time="96.180" classname="com.tests.ProductPurchase"/>
</testsuite> <!-- com.tests.ProductPurchase -->
