<?xml version="1.0" encoding="UTF-8"?>
<!-- Generated by org.testng.reporters.JUnitReportReporter -->
<testsuite hostname="DESKTOP-P4UAKD7" name="com.tests.Registration" tests="1" failures="0" timestamp="10 Jun 2018 12:20:35 GMT" time="86.427" errors="0">
  <testcase name="register" time="86.427" classname="com.tests.Registration"/>
</testsuite> <!-- com.tests.Registration -->
